This file contains any messages produced by compilers while
running configure, to aid debugging if configure makes a mistake.

It was created by Roots configure 0.3, which was
generated by GNU Autoconf 2.69.  Invocation command line was

  $ ./configure 

## --------- ##
## Platform. ##
## --------- ##

hostname = DESKTOP-NANM275
uname -m = x86_64
uname -r = 2.11.2(0.329/5/3)
uname -s = CYGWIN_NT-10.0
uname -v = 2018-11-08 14:34

/usr/bin/uname -p = unknown
/bin/uname -X     = unknown

/bin/arch              = x86_64
/usr/bin/arch -k       = unknown
/usr/convex/getsysinfo = unknown
/usr/bin/hostinfo      = unknown
/bin/machine           = unknown
/usr/bin/oslevel       = unknown
/bin/universe          = unknown

PATH: /usr/local/bin
PATH: /usr/bin
PATH: /cygdrive/c/Program Files (x86)/Common Files/Oracle/Java/javapath
PATH: /cygdrive/c/ProgramData/Oracle/Java/javapath
PATH: /cygdrive/c/WINDOWS/system32
PATH: /cygdrive/c/WINDOWS
PATH: /cygdrive/c/WINDOWS/System32/Wbem
PATH: /cygdrive/c/WINDOWS/System32/WindowsPowerShell/v1.0
PATH: /cygdrive/c/Program Files (x86)/Common Files/Acronis/SnapAPI
PATH: /cygdrive/c/Program Files/dotnet
PATH: /cygdrive/c/WINDOWS/System32/OpenSSH
PATH: /
PATH: /cygdrive/c/Program Files/Git/cmd
PATH: /cygdrive/c/Users/Siberian/AppData/Local/Microsoft/WindowsApps


## ----------- ##
## Core tests. ##
## ----------- ##

configure:2311: checking for gcc
configure:2327: found /usr/bin/gcc
configure:2338: result: gcc
configure:2567: checking for C compiler version
configure:2576: gcc --version >&5
gcc (GCC) 7.3.0
Copyright (C) 2017 Free Software Foundation, Inc.
This is free software; see the source for copying conditions.  There is NO
warranty; not even for MERCHANTABILITY or FITNESS FOR A PARTICULAR PURPOSE.

configure:2587: $? = 0
configure:2576: gcc -v >&5
Using built-in specs.
COLLECT_GCC=gcc
COLLECT_LTO_WRAPPER=/usr/lib/gcc/x86_64-pc-cygwin/7.3.0/lto-wrapper.exe
Target: x86_64-pc-cygwin
Configured with: /cygdrive/i/szsz/tmpp/gcc/gcc-7.3.0-3.x86_64/src/gcc-7.3.0/configure --srcdir=/cygdrive/i/szsz/tmpp/gcc/gcc-7.3.0-3.x86_64/src/gcc-7.3.0 --prefix=/usr --exec-prefix=/usr --localstatedir=/var --sysconfdir=/etc --docdir=/usr/share/doc/gcc --htmldir=/usr/share/doc/gcc/html -C --build=x86_64-pc-cygwin --host=x86_64-pc-cygwin --target=x86_64-pc-cygwin --without-libiconv-prefix --without-libintl-prefix --libexecdir=/usr/lib --enable-shared --enable-shared-libgcc --enable-static --enable-version-specific-runtime-libs --enable-bootstrap --enable-__cxa_atexit --with-dwarf2 --with-tune=generic --enable-languages=ada,c,c++,fortran,lto,objc,obj-c++ --enable-graphite --enable-threads=posix --enable-libatomic --enable-libcilkrts --enable-libgomp --enable-libitm --enable-libquadmath --enable-libquadmath-support --disable-libssp --enable-libada --disable-symvers --with-gnu-ld --with-gnu-as --with-cloog-include=/usr/include/cloog-isl --without-libiconv-prefix --without-libintl-prefix --with-system-zlib --enable-linker-build-id --with-default-libstdcxx-abi=gcc4-compatible --enable-libstdcxx-filesystem-ts
Thread model: posix
gcc version 7.3.0 (GCC) 
configure:2587: $? = 0
configure:2576: gcc -V >&5
gcc: error: unrecognized command line option '-V'
gcc: fatal error: no input files
compilation terminated.
configure:2587: $? = 1
configure:2576: gcc -qversion >&5
gcc: error: unrecognized command line option '-qversion'; did you mean '--version'?
gcc: fatal error: no input files
compilation terminated.
configure:2587: $? = 1
configure:2607: checking whether the C compiler works
configure:2629: gcc    conftest.c  >&5
configure:2633: $? = 0
configure:2681: result: yes
configure:2684: checking for C compiler default output file name
configure:2686: result: a.exe
configure:2692: checking for suffix of executables
configure:2699: gcc -o conftest.exe    conftest.c  >&5
configure:2703: $? = 0
configure:2725: result: .exe
configure:2747: checking whether we are cross compiling
configure:2755: gcc -o conftest.exe    conftest.c  >&5
configure:2759: $? = 0
configure:2766: ./conftest.exe
configure:2770: $? = 0
configure:2785: result: no
configure:2790: checking for suffix of object files
configure:2812: gcc -c   conftest.c >&5
configure:2816: $? = 0
configure:2837: result: o
configure:2841: checking whether we are using the GNU C compiler
configure:2860: gcc -c   conftest.c >&5
configure:2860: $? = 0
configure:2869: result: yes
configure:2878: checking whether gcc accepts -g
configure:2898: gcc -c -g  conftest.c >&5
configure:2898: $? = 0
configure:2939: result: yes
configure:2956: checking for gcc option to accept ISO C89
configure:3019: gcc  -c -g -O2  conftest.c >&5
configure:3019: $? = 0
configure:3032: result: none needed
configure:3057: checking whether gcc understands -c and -o together
configure:3079: gcc -c conftest.c -o conftest2.o
configure:3082: $? = 0
configure:3079: gcc -c conftest.c -o conftest2.o
configure:3082: $? = 0
configure:3094: result: yes
configure:3161: checking for ar
configure:3177: found /usr/bin/ar
configure:3188: result: ar
configure:3214: checking the archiver (ar) interface
configure:3230: gcc -c -g -O2  conftest.c >&5
configure:3230: $? = 0
configure:3232: ar cru libconftest.a conftest.o >&5
configure:3235: $? = 0
configure:3263: result: ar
configure:3305: checking for a BSD-compatible install
configure:3373: result: /usr/bin/install -c
configure:3384: checking whether build environment is sane
configure:3439: result: yes
configure:3587: checking for a thread-safe mkdir -p
configure:3626: result: /usr/bin/mkdir -p
configure:3633: checking for gawk
configure:3649: found /usr/bin/gawk
configure:3660: result: gawk
configure:3671: checking whether make sets $(MAKE)
configure:3693: result: yes
configure:3723: checking for style of include used by make
configure:3751: result: GNU
configure:3785: checking whether make supports nested variables
configure:3802: result: yes
configure:3887: checking dependency style of gcc
configure:3998: result: gcc3
configure:4106: checking for gcc
configure:4133: result: gcc
configure:4362: checking for C compiler version
configure:4371: gcc --version >&5
gcc (GCC) 7.3.0
Copyright (C) 2017 Free Software Foundation, Inc.
This is free software; see the source for copying conditions.  There is NO
warranty; not even for MERCHANTABILITY or FITNESS FOR A PARTICULAR PURPOSE.

configure:4382: $? = 0
configure:4371: gcc -v >&5
Using built-in specs.
COLLECT_GCC=gcc
COLLECT_LTO_WRAPPER=/usr/lib/gcc/x86_64-pc-cygwin/7.3.0/lto-wrapper.exe
Target: x86_64-pc-cygwin
Configured with: /cygdrive/i/szsz/tmpp/gcc/gcc-7.3.0-3.x86_64/src/gcc-7.3.0/configure --srcdir=/cygdrive/i/szsz/tmpp/gcc/gcc-7.3.0-3.x86_64/src/gcc-7.3.0 --prefix=/usr --exec-prefix=/usr --localstatedir=/var --sysconfdir=/etc --docdir=/usr/share/doc/gcc --htmldir=/usr/share/doc/gcc/html -C --build=x86_64-pc-cygwin --host=x86_64-pc-cygwin --target=x86_64-pc-cygwin --without-libiconv-prefix --without-libintl-prefix --libexecdir=/usr/lib --enable-shared --enable-shared-libgcc --enable-static --enable-version-specific-runtime-libs --enable-bootstrap --enable-__cxa_atexit --with-dwarf2 --with-tune=generic --enable-languages=ada,c,c++,fortran,lto,objc,obj-c++ --enable-graphite --enable-threads=posix --enable-libatomic --enable-libcilkrts --enable-libgomp --enable-libitm --enable-libquadmath --enable-libquadmath-support --disable-libssp --enable-libada --disable-symvers --with-gnu-ld --with-gnu-as --with-cloog-include=/usr/include/cloog-isl --without-libiconv-prefix --without-libintl-prefix --with-system-zlib --enable-linker-build-id --with-default-libstdcxx-abi=gcc4-compatible --enable-libstdcxx-filesystem-ts
Thread model: posix
gcc version 7.3.0 (GCC) 
configure:4382: $? = 0
configure:4371: gcc -V >&5
gcc: error: unrecognized command line option '-V'
gcc: fatal error: no input files
compilation terminated.
configure:4382: $? = 1
configure:4371: gcc -qversion >&5
gcc: error: unrecognized command line option '-qversion'; did you mean '--version'?
gcc: fatal error: no input files
compilation terminated.
configure:4382: $? = 1
configure:4386: checking whether we are using the GNU C compiler
configure:4414: result: yes
configure:4423: checking whether gcc accepts -g
configure:4484: result: yes
configure:4501: checking for gcc option to accept ISO C89
configure:4577: result: none needed
configure:4602: checking whether gcc understands -c and -o together
configure:4639: result: yes
configure:4685: checking build system type
configure:4699: result: x86_64-unknown-cygwin
configure:4719: checking host system type
configure:4732: result: x86_64-unknown-cygwin
configure:4773: checking how to print strings
configure:4800: result: printf
configure:4821: checking for a sed that does not truncate output
configure:4885: result: /usr/bin/sed
configure:4903: checking for grep that handles long lines and -e
configure:4961: result: /usr/bin/grep
configure:4966: checking for egrep
configure:5028: result: /usr/bin/grep -E
configure:5033: checking for fgrep
configure:5095: result: /usr/bin/grep -F
configure:5130: checking for ld used by gcc
configure:5197: result: /usr/x86_64-pc-cygwin/bin/ld.exe
configure:5204: checking if the linker (/usr/x86_64-pc-cygwin/bin/ld.exe) is GNU ld
configure:5219: result: yes
configure:5231: checking for BSD- or MS-compatible name lister (nm)
configure:5285: result: /usr/bin/nm -B
configure:5415: checking the name lister (/usr/bin/nm -B) interface
configure:5422: gcc -c -g -O2  conftest.c >&5
configure:5425: /usr/bin/nm -B "conftest.o"
configure:5428: output
0000000000000000 b .bss
0000000000000000 d .data
0000000000000000 N .debug_abbrev
0000000000000000 N .debug_aranges
0000000000000000 N .debug_info
0000000000000000 N .debug_line
0000000000000000 r .rdata$zzz
0000000000000000 t .text
0000000000000000 B some_variable
configure:5435: result: BSD nm
configure:5438: checking whether ln -s works
configure:5442: result: yes
configure:5450: checking the maximum length of command line arguments
configure:5581: result: 8192
configure:5629: checking how to convert x86_64-unknown-cygwin file names to x86_64-unknown-cygwin format
configure:5669: result: func_convert_file_noop
configure:5676: checking how to convert x86_64-unknown-cygwin file names to toolchain format
configure:5696: result: func_convert_file_noop
configure:5703: checking for /usr/x86_64-pc-cygwin/bin/ld.exe option to reload object files
configure:5710: result: -r
configure:5784: checking for objdump
configure:5800: found /usr/bin/objdump
configure:5811: result: objdump
configure:5843: checking how to recognize dependent libraries
configure:6043: result: file_magic ^x86 archive import|^x86 DLL
configure:6128: checking for dlltool
configure:6144: found /usr/bin/dlltool
configure:6155: result: dlltool
configure:6188: checking how to associate runtime and link libraries
configure:6215: result: func_cygming_dll_for_implib
configure:6339: checking for archiver @FILE support
configure:6356: gcc -c -g -O2  conftest.c >&5
configure:6356: $? = 0
configure:6359: ar cru libconftest.a @conftest.lst >&5
configure:6362: $? = 0
configure:6367: ar cru libconftest.a @conftest.lst >&5
ar: conftest.o: No such file or directory
configure:6370: $? = 1
configure:6382: result: @
configure:6440: checking for strip
configure:6456: found /usr/bin/strip
configure:6467: result: strip
configure:6539: checking for ranlib
configure:6555: found /usr/bin/ranlib
configure:6566: result: ranlib
configure:6668: checking command to parse /usr/bin/nm -B output from gcc object
configure:6821: gcc -c -g -O2  conftest.c >&5
configure:6824: $? = 0
configure:6828: /usr/bin/nm -B conftest.o \| sed -n -e 's/^.*[ ]\([ABCDGIRSTW][ABCDGIRSTW]*\)[ ][ ]*\([_A-Za-z][_A-Za-z0-9]*\)$/\1 \2 \2/p' | sed '/ __gnu_lto/d' \> conftest.nm
configure:6831: $? = 0
configure:6897: gcc -o conftest.exe -g -O2   conftest.c conftstm.o >&5
configure:6900: $? = 0
configure:6938: result: ok
configure:6985: checking for sysroot
configure:7015: result: no
configure:7022: checking for a working dd
configure:7060: result: /usr/bin/dd
configure:7064: checking how to truncate binary pipes
configure:7079: result: /usr/bin/dd bs=4096 count=1
configure:7408: checking for mt
configure:7438: result: no
configure:7458: checking if : is a manifest tool
configure:7464: : '-?'
configure:7472: result: no
configure:8149: checking how to run the C preprocessor
configure:8180: gcc -E  conftest.c
configure:8180: $? = 0
configure:8194: gcc -E  conftest.c
conftest.c:11:10: fatal error: ac_nonexistent.h: No such file or directory
 #include <ac_nonexistent.h>
          ^~~~~~~~~~~~~~~~~~
compilation terminated.
configure:8194: $? = 1
configure: failed program was:
| /* confdefs.h */
| #define PACKAGE_NAME "Roots"
| #define PACKAGE_TARNAME "roots"
| #define PACKAGE_VERSION "0.3"
| #define PACKAGE_STRING "Roots 0.3"
| #define PACKAGE_BUGREPORT "check-devel AT lists.sourceforge.net"
| #define PACKAGE_URL ""
| #define PACKAGE "roots"
| #define VERSION "0.3"
| /* end confdefs.h.  */
| #include <ac_nonexistent.h>
configure:8219: result: gcc -E
configure:8239: gcc -E  conftest.c
configure:8239: $? = 0
configure:8253: gcc -E  conftest.c
conftest.c:11:10: fatal error: ac_nonexistent.h: No such file or directory
 #include <ac_nonexistent.h>
          ^~~~~~~~~~~~~~~~~~
compilation terminated.
configure:8253: $? = 1
configure: failed program was:
| /* confdefs.h */
| #define PACKAGE_NAME "Roots"
| #define PACKAGE_TARNAME "roots"
| #define PACKAGE_VERSION "0.3"
| #define PACKAGE_STRING "Roots 0.3"
| #define PACKAGE_BUGREPORT "check-devel AT lists.sourceforge.net"
| #define PACKAGE_URL ""
| #define PACKAGE "roots"
| #define VERSION "0.3"
| /* end confdefs.h.  */
| #include <ac_nonexistent.h>
configure:8282: checking for ANSI C header files
configure:8302: gcc -c -g -O2  conftest.c >&5
configure:8302: $? = 0
configure:8375: gcc -o conftest.exe -g -O2   conftest.c  >&5
configure:8375: $? = 0
configure:8375: ./conftest.exe
configure:8375: $? = 0
configure:8386: result: yes
configure:8399: checking for sys/types.h
configure:8399: gcc -c -g -O2  conftest.c >&5
configure:8399: $? = 0
configure:8399: result: yes
configure:8399: checking for sys/stat.h
configure:8399: gcc -c -g -O2  conftest.c >&5
configure:8399: $? = 0
configure:8399: result: yes
configure:8399: checking for stdlib.h
configure:8399: gcc -c -g -O2  conftest.c >&5
configure:8399: $? = 0
configure:8399: result: yes
configure:8399: checking for string.h
configure:8399: gcc -c -g -O2  conftest.c >&5
configure:8399: $? = 0
configure:8399: result: yes
configure:8399: checking for memory.h
configure:8399: gcc -c -g -O2  conftest.c >&5
configure:8399: $? = 0
configure:8399: result: yes
configure:8399: checking for strings.h
configure:8399: gcc -c -g -O2  conftest.c >&5
configure:8399: $? = 0
configure:8399: result: yes
configure:8399: checking for inttypes.h
configure:8399: gcc -c -g -O2  conftest.c >&5
configure:8399: $? = 0
configure:8399: result: yes
configure:8399: checking for stdint.h
configure:8399: gcc -c -g -O2  conftest.c >&5
configure:8399: $? = 0
configure:8399: result: yes
configure:8399: checking for unistd.h
configure:8399: gcc -c -g -O2  conftest.c >&5
configure:8399: $? = 0
configure:8399: result: yes
configure:8413: checking for dlfcn.h
configure:8413: gcc -c -g -O2  conftest.c >&5
configure:8413: $? = 0
configure:8413: result: yes
configure:8669: checking for objdir
configure:8684: result: .libs
configure:8944: checking if gcc supports -fno-rtti -fno-exceptions
configure:8962: gcc -c -g -O2  -fno-rtti -fno-exceptions conftest.c >&5
cc1: warning: command line option '-fno-rtti' is valid for C++/ObjC++ but not for C
configure:8966: $? = 0
configure:8979: result: no
configure:9337: checking for gcc option to produce PIC
configure:9344: result: -DDLL_EXPORT -DPIC
configure:9352: checking if gcc PIC flag -DDLL_EXPORT -DPIC works
configure:9370: gcc -c -g -O2  -DDLL_EXPORT -DPIC -DPIC conftest.c >&5
configure:9374: $? = 0
configure:9387: result: yes
configure:9416: checking if gcc static flag -static works
configure:9444: result: yes
configure:9459: checking if gcc supports -c -o file.o
configure:9480: gcc -c -g -O2  -o out/conftest2.o conftest.c >&5
configure:9484: $? = 0
configure:9506: result: yes
configure:9514: checking if gcc supports -c -o file.o
configure:9561: result: yes
configure:9594: checking whether the gcc linker (/usr/x86_64-pc-cygwin/bin/ld.exe) supports shared libraries
configure:10853: result: yes
configure:10890: checking whether -lc should be explicitly linked in
configure:10898: gcc -c -g -O2  conftest.c >&5
configure:10901: $? = 0
configure:10916: gcc -shared conftest.o  -v -o ./conftest -Wl,--enable-auto-image-base -Xlinker --out-implib -Xlinker conftest 2\>\&1 \| /usr/bin/grep  -lc  \>/dev/null 2\>\&1
configure:10919: $? = 1
configure:10933: result: yes
configure:11093: checking dynamic linker characteristics
configure:11911: result: Win32 ld.exe
configure:12033: checking how to hardcode library paths into programs
configure:12058: result: immediate
configure:12606: checking whether stripping libraries is possible
configure:12611: result: yes
configure:12646: checking if libtool supports shared libraries
configure:12648: result: yes
configure:12651: checking whether to build shared libraries
configure:12676: result: yes
configure:12679: checking whether to build static libraries
configure:12683: result: yes
configure:12777: checking for pkg-config
configure:12795: found /usr/bin/pkg-config
configure:12807: result: /usr/bin/pkg-config
configure:12832: checking pkg-config is at least version 0.9.0
configure:12835: result: yes
configure:12845: checking for CHECK
configure:12852: $PKG_CONFIG --exists --print-errors "check >= 0.9.6"
configure:12855: $? = 0
configure:12869: $PKG_CONFIG --exists --print-errors "check >= 0.9.6"
configure:12872: $? = 0
configure:12930: result: yes
configure:12937: checking for ANSI C header files
configure:13041: result: yes
configure:13051: checking for stdlib.h
configure:13051: result: yes
configure:13067: checking for stdlib.h
configure:13067: result: yes
configure:13077: checking for GNU libc compatible malloc
configure:13101: gcc -o conftest.exe -g -O2   conftest.c  >&5
configure:13101: $? = 0
configure:13101: ./conftest.exe
configure:13101: $? = 0
configure:13111: result: yes
configure:13249: checking that generated files are newer than configure
configure:13255: result: done
configure:13278: creating ./config.status

## ---------------------- ##
## Running config.status. ##
## ---------------------- ##

This file was extended by Roots config.status 0.3, which was
generated by GNU Autoconf 2.69.  Invocation command line was

  CONFIG_FILES    = 
  CONFIG_HEADERS  = 
  CONFIG_LINKS    = 
  CONFIG_COMMANDS = 
  $ ./config.status 

on DESKTOP-NANM275

config.status:1107: creating Makefile
config.status:1107: creating src/Makefile
config.status:1107: creating tests/Makefile
config.status:1107: creating config.h
config.status:1288: config.h is unchanged
config.status:1336: executing depfiles commands
config.status:1336: executing libtool commands

## ---------------- ##
## Cache variables. ##
## ---------------- ##

ac_cv_build=x86_64-unknown-cygwin
ac_cv_c_compiler_gnu=yes
ac_cv_env_CC_set=
ac_cv_env_CC_value=
ac_cv_env_CFLAGS_set=
ac_cv_env_CFLAGS_value=
ac_cv_env_CHECK_CFLAGS_set=
ac_cv_env_CHECK_CFLAGS_value=
ac_cv_env_CHECK_LIBS_set=
ac_cv_env_CHECK_LIBS_value=
ac_cv_env_CPPFLAGS_set=
ac_cv_env_CPPFLAGS_value=
ac_cv_env_CPP_set=
ac_cv_env_CPP_value=
ac_cv_env_LDFLAGS_set=
ac_cv_env_LDFLAGS_value=
ac_cv_env_LIBS_set=
ac_cv_env_LIBS_value=
ac_cv_env_LT_SYS_LIBRARY_PATH_set=
ac_cv_env_LT_SYS_LIBRARY_PATH_value=
ac_cv_env_PKG_CONFIG_LIBDIR_set=
ac_cv_env_PKG_CONFIG_LIBDIR_value=
ac_cv_env_PKG_CONFIG_PATH_set=
ac_cv_env_PKG_CONFIG_PATH_value=
ac_cv_env_PKG_CONFIG_set=
ac_cv_env_PKG_CONFIG_value=
ac_cv_env_build_alias_set=
ac_cv_env_build_alias_value=
ac_cv_env_host_alias_set=
ac_cv_env_host_alias_value=
ac_cv_env_target_alias_set=
ac_cv_env_target_alias_value=
ac_cv_exeext=.exe
ac_cv_func_malloc_0_nonnull=yes
ac_cv_header_dlfcn_h=yes
ac_cv_header_inttypes_h=yes
ac_cv_header_memory_h=yes
ac_cv_header_stdc=yes
ac_cv_header_stdint_h=yes
ac_cv_header_stdlib_h=yes
ac_cv_header_string_h=yes
ac_cv_header_strings_h=yes
ac_cv_header_sys_stat_h=yes
ac_cv_header_sys_types_h=yes
ac_cv_header_unistd_h=yes
ac_cv_host=x86_64-unknown-cygwin
ac_cv_objext=o
ac_cv_path_EGREP='/usr/bin/grep -E'
ac_cv_path_FGREP='/usr/bin/grep -F'
ac_cv_path_GREP=/usr/bin/grep
ac_cv_path_SED=/usr/bin/sed
ac_cv_path_ac_pt_PKG_CONFIG=/usr/bin/pkg-config
ac_cv_path_install='/usr/bin/install -c'
ac_cv_path_lt_DD=/usr/bin/dd
ac_cv_path_mkdir=/usr/bin/mkdir
ac_cv_prog_AWK=gawk
ac_cv_prog_CPP='gcc -E'
ac_cv_prog_ac_ct_AR=ar
ac_cv_prog_ac_ct_CC=gcc
ac_cv_prog_ac_ct_DLLTOOL=dlltool
ac_cv_prog_ac_ct_OBJDUMP=objdump
ac_cv_prog_ac_ct_RANLIB=ranlib
ac_cv_prog_ac_ct_STRIP=strip
ac_cv_prog_cc_c89=
ac_cv_prog_cc_g=yes
ac_cv_prog_make_make_set=yes
am_cv_CC_dependencies_compiler_type=gcc3
am_cv_ar_interface=ar
am_cv_make_support_nested_variables=yes
am_cv_prog_cc_c_o=yes
lt_cv_ar_at_file=@
lt_cv_archive_cmds_need_lc=yes
lt_cv_deplibs_check_method='file_magic ^x86 archive import|^x86 DLL'
lt_cv_file_magic_cmd=func_win32_libid
lt_cv_file_magic_test_file=
lt_cv_ld_reload_flag=-r
lt_cv_nm_interface='BSD nm'
lt_cv_objdir=.libs
lt_cv_path_LD=/usr/x86_64-pc-cygwin/bin/ld.exe
lt_cv_path_NM='/usr/bin/nm -B'
lt_cv_path_mainfest_tool=no
lt_cv_prog_compiler_c_o=yes
lt_cv_prog_compiler_pic='-DDLL_EXPORT -DPIC'
lt_cv_prog_compiler_pic_works=yes
lt_cv_prog_compiler_rtti_exceptions=no
lt_cv_prog_compiler_static_works=yes
lt_cv_prog_gnu_ld=yes
lt_cv_sharedlib_from_linklib_cmd=func_cygming_dll_for_implib
lt_cv_sys_global_symbol_pipe='sed -n -e '\''s/^.*[	 ]\([ABCDGIRSTW][ABCDGIRSTW]*\)[	 ][	 ]*\([_A-Za-z][_A-Za-z0-9]*\)$/\1 \2 \2/p'\'' | sed '\''/ __gnu_lto/d'\'''
lt_cv_sys_global_symbol_to_c_name_address='sed -n -e '\''s/^: \(.*\) .*$/  {"\1", (void *) 0},/p'\'' -e '\''s/^[ABCDGIRSTW][ABCDGIRSTW]* .* \(.*\)$/  {"\1", (void *) \&\1},/p'\'''
lt_cv_sys_global_symbol_to_c_name_address_lib_prefix='sed -n -e '\''s/^: \(.*\) .*$/  {"\1", (void *) 0},/p'\'' -e '\''s/^[ABCDGIRSTW][ABCDGIRSTW]* .* \(lib.*\)$/  {"\1", (void *) \&\1},/p'\'' -e '\''s/^[ABCDGIRSTW][ABCDGIRSTW]* .* \(.*\)$/  {"lib\1", (void *) \&\1},/p'\'''
lt_cv_sys_global_symbol_to_cdecl='sed -n -e '\''s/^T .* \(.*\)$/extern int \1();/p'\'' -e '\''s/^[ABCDGIRSTW][ABCDGIRSTW]* .* \(.*\)$/extern char \1;/p'\'''
lt_cv_sys_global_symbol_to_import=
lt_cv_sys_max_cmd_len=8192
lt_cv_to_host_file_cmd=func_convert_file_noop
lt_cv_to_tool_file_cmd=func_convert_file_noop
lt_cv_truncate_bin='/usr/bin/dd bs=4096 count=1'
pkg_cv_CHECK_CFLAGS=
pkg_cv_CHECK_LIBS=-lcheck

## ----------------- ##
## Output variables. ##
## ----------------- ##

ACLOCAL='${SHELL} /cygdrive/c/Users/Siberian/Desktop/CurseExp/missing aclocal-1.15'
AMDEPBACKSLASH='\'
AMDEP_FALSE='#'
AMDEP_TRUE=''
AMTAR='$${TAR-tar}'
AM_BACKSLASH='\'
AM_DEFAULT_V='$(AM_DEFAULT_VERBOSITY)'
AM_DEFAULT_VERBOSITY='1'
AM_V='$(V)'
AR='ar'
AUTOCONF='${SHELL} /cygdrive/c/Users/Siberian/Desktop/CurseExp/missing autoconf'
AUTOHEADER='${SHELL} /cygdrive/c/Users/Siberian/Desktop/CurseExp/missing autoheader'
AUTOMAKE='${SHELL} /cygdrive/c/Users/Siberian/Desktop/CurseExp/missing automake-1.15'
AWK='gawk'
CC='gcc'
CCDEPMODE='depmode=gcc3'
CFLAGS='-g -O2'
CHECK_CFLAGS=''
CHECK_LIBS='-lcheck'
CPP='gcc -E'
CPPFLAGS=''
CYGPATH_W='cygpath -w'
DEFS='-DHAVE_CONFIG_H'
DEPDIR='.deps'
DLLTOOL='dlltool'
DSYMUTIL=''
DUMPBIN=''
ECHO_C=''
ECHO_N='-n'
ECHO_T=''
EGREP='/usr/bin/grep -E'
EXEEXT='.exe'
FGREP='/usr/bin/grep -F'
GREP='/usr/bin/grep'
INSTALL_DATA='${INSTALL} -m 644'
INSTALL_PROGRAM='${INSTALL}'
INSTALL_SCRIPT='${INSTALL}'
INSTALL_STRIP_PROGRAM='$(install_sh) -c -s'
LD='/usr/x86_64-pc-cygwin/bin/ld.exe'
LDFLAGS=''
LIBOBJS=''
LIBS=''
LIBTOOL='$(SHELL) $(top_builddir)/libtool'
LIPO=''
LN_S='ln -s'
LTLIBOBJS=''
LT_SYS_LIBRARY_PATH=''
MAKEINFO='${SHELL} /cygdrive/c/Users/Siberian/Desktop/CurseExp/missing makeinfo'
MANIFEST_TOOL=':'
MKDIR_P='/usr/bin/mkdir -p'
NM='/usr/bin/nm -B'
NMEDIT=''
OBJDUMP='objdump'
OBJEXT='o'
OTOOL64=''
OTOOL=''
PACKAGE='roots'
PACKAGE_BUGREPORT='check-devel AT lists.sourceforge.net'
PACKAGE_NAME='Roots'
PACKAGE_STRING='Roots 0.3'
PACKAGE_TARNAME='roots'
PACKAGE_URL=''
PACKAGE_VERSION='0.3'
PATH_SEPARATOR=':'
PKG_CONFIG='/usr/bin/pkg-config'
PKG_CONFIG_LIBDIR=''
PKG_CONFIG_PATH=''
RANLIB='ranlib'
SED='/usr/bin/sed'
SET_MAKE=''
SHELL='/bin/sh'
STRIP='strip'
VERSION='0.3'
ac_ct_AR='ar'
ac_ct_CC='gcc'
ac_ct_DUMPBIN=''
am__EXEEXT_FALSE='#'
am__EXEEXT_TRUE=''
am__fastdepCC_FALSE='#'
am__fastdepCC_TRUE=''
am__include='include'
am__isrc=''
am__leading_dot='.'
am__nodep='_no'
am__quote=''
am__tar='$${TAR-tar} chof - "$$tardir"'
am__untar='$${TAR-tar} xf -'
bindir='${exec_prefix}/bin'
build='x86_64-unknown-cygwin'
build_alias=''
build_cpu='x86_64'
build_os='cygwin'
build_vendor='unknown'
datadir='${datarootdir}'
datarootdir='${prefix}/share'
docdir='${datarootdir}/doc/${PACKAGE_TARNAME}'
dvidir='${docdir}'
exec_prefix='${prefix}'
host='x86_64-unknown-cygwin'
host_alias=''
host_cpu='x86_64'
host_os='cygwin'
host_vendor='unknown'
htmldir='${docdir}'
includedir='${prefix}/include'
infodir='${datarootdir}/info'
install_sh='${SHELL} /cygdrive/c/Users/Siberian/Desktop/CurseExp/install-sh'
libdir='${exec_prefix}/lib'
libexecdir='${exec_prefix}/libexec'
localedir='${datarootdir}/locale'
localstatedir='${prefix}/var'
mandir='${datarootdir}/man'
mkdir_p='$(MKDIR_P)'
oldincludedir='/usr/include'
pdfdir='${docdir}'
prefix='/usr/local'
program_transform_name='s,x,x,'
psdir='${docdir}'
sbindir='${exec_prefix}/sbin'
sharedstatedir='${prefix}/com'
sysconfdir='${prefix}/etc'
target_alias=''

## ----------- ##
## confdefs.h. ##
## ----------- ##

/* confdefs.h */
#define PACKAGE_NAME "Roots"
#define PACKAGE_TARNAME "roots"
#define PACKAGE_VERSION "0.3"
#define PACKAGE_STRING "Roots 0.3"
#define PACKAGE_BUGREPORT "check-devel AT lists.sourceforge.net"
#define PACKAGE_URL ""
#define PACKAGE "roots"
#define VERSION "0.3"
#define STDC_HEADERS 1
#define HAVE_SYS_TYPES_H 1
#define HAVE_SYS_STAT_H 1
#define HAVE_STDLIB_H 1
#define HAVE_STRING_H 1
#define HAVE_MEMORY_H 1
#define HAVE_STRINGS_H 1
#define HAVE_INTTYPES_H 1
#define HAVE_STDINT_H 1
#define HAVE_UNISTD_H 1
#define HAVE_DLFCN_H 1
#define LT_OBJDIR ".libs/"
#define STDC_HEADERS 1
#define HAVE_STDLIB_H 1
#define HAVE_STDLIB_H 1
#define HAVE_MALLOC 1

configure: exit 0
